<?xml version="1.0" encoding="UTF-8"?>
<testng-results ignored="0" total="1" passed="1" failed="0" skipped="0">
  <reporter-output>
  </reporter-output>
  <suite started-at="2023-12-24T06:43:01 IST" name="Surefire suite" finished-at="2023-12-24T06:43:01 IST" duration-ms="42">
    <groups>
    </groups>
    <test started-at="2023-12-24T06:43:01 IST" name="Surefire test" finished-at="2023-12-24T06:43:01 IST" duration-ms="42">
      <class name="com.nickatwebautomation.AppTest">
        <test-method signature="testlogin1()[pri:0, instance:com.nickatwebautomation.AppTest@710f4dc7]" started-at="2023-12-24T06:43:01 IST" name="testlogin1" finished-at="2023-12-24T06:43:01 IST" duration-ms="12" status="PASS">
          <reporter-output>
          </reporter-output>
        </test-method> <!-- testlogin1 -->
      </class> <!-- com.nickatwebautomation.AppTest -->
    </test> <!-- Surefire test -->
  </suite> <!-- Surefire suite -->
</testng-results>
