<?xml version="1.0" encoding="UTF-8"?>
<testng-results ignored="0" total="1" passed="1" failed="0" skipped="0">
  <reporter-output>
  </reporter-output>
  <suite started-at="2023-12-24T06:24:46 IST" name="Default suite" finished-at="2023-12-24T06:24:46 IST" duration-ms="42">
    <groups>
    </groups>
    <test started-at="2023-12-24T06:24:46 IST" name="Default test" finished-at="2023-12-24T06:24:46 IST" duration-ms="42">
      <class name="com.nickatwebautomation.AppTest">
        <test-method signature="testlogin1()[pri:0, instance:com.nickatwebautomation.AppTest@a2431d0]" started-at="2023-12-24T06:24:46 IST" name="testlogin1" finished-at="2023-12-24T06:24:46 IST" duration-ms="12" status="PASS">
          <reporter-output>
          </reporter-output>
        </test-method> <!-- testlogin1 -->
      </class> <!-- com.nickatwebautomation.AppTest -->
    </test> <!-- Default test -->
  </suite> <!-- Default suite -->
</testng-results>
